# JRE version: Java(TM) SE Runtime Environment (7.0_60-b19) (build 1.7.0_60-b19)
# Java VM: Java HotSpot(TM) 64-Bit Server VM (24.60-b09 mixed mode bsd-amd64 compressed oops)
Heap
 PSYoungGen      total 96256K, used 30937K [0x00000007eaa80000, 0x00000007f1400000, 0x0000000800000000)
  eden space 86528K, 35% used [0x00000007eaa80000,0x00000007ec8228b0,0x00000007eff00000)
  from space 9728K, 6% used [0x00000007f0a80000,0x00000007f0b13cf0,0x00000007f1400000)
  to   space 10752K, 0% used [0x00000007eff00000,0x00000007eff00000,0x00000007f0980000)
 ParOldGen       total 57344K, used 37257K [0x00000007c0000000, 0x00000007c3800000, 0x00000007eaa80000)
  object space 57344K, 64% used [0x00000007c0000000,0x00000007c24624a0,0x00000007c3800000)
 PSPermGen       total 26624K, used 14579K [0x00000007bae00000, 0x00000007bc800000, 0x00000007c0000000)
  object space 26624K, 54% used [0x00000007bae00000,0x00000007bbc3cc18,0x00000007bc800000)
GC Heap History (10 events):
Event: 169.025 GC heap before
{Heap before GC invocations=21 (full 1):
 PSYoungGen      total 43520K, used 568K [0x00000007eaa80000, 0x00000007eef80000, 0x0000000800000000)
  eden space 43008K, 0% used [0x00000007eaa80000,0x00000007eaa962c8,0x00000007ed480000)
  from space 512K, 93% used [0x00000007ed600000,0x00000007ed678000,0x00000007ed680000)
  to   space 13824K, 0% used [0x00000007ee200000,0x00000007ee200000,0x00000007eef80000)
 ParOldGen       total 57344K, used 36938K [0x00000007c0000000, 0x00000007c3800000, 0x00000007eaa80000)
  object space 57344K, 64% used [0x00000007c0000000,0x00000007c2412b28,0x00000007c3800000)
 PSPermGen       total 26624K, used 14150K [0x00000007bae00000, 0x00000007bc800000, 0x00000007c0000000)
  object space 26624K, 53% used [0x00000007bae00000,0x00000007bbbd1970,0x00000007bc800000)
Event: 169.027 GC heap after
Heap after GC invocations=21 (full 1):
 PSYoungGen      total 57856K, used 448K [0x00000007eaa80000, 0x00000007efe80000, 0x0000000800000000)
  eden space 44032K, 0% used [0x00000007eaa80000,0x00000007eaa80000,0x00000007ed580000)
  from space 13824K, 3% used [0x00000007ee200000,0x00000007ee270000,0x00000007eef80000)
  to   space 12800K, 0% used [0x00000007ed580000,0x00000007ed580000,0x00000007ee200000)
 ParOldGen       total 57344K, used 36938K [0x00000007c0000000, 0x00000007c3800000, 0x00000007eaa80000)
  object space 57344K, 64% used [0x00000007c0000000,0x00000007c2412b28,0x00000007c3800000)
 PSPermGen       total 26624K, used 14150K [0x00000007bae00000, 0x00000007bc800000, 0x00000007c0000000)
  object space 26624K, 53% used [0x00000007bae00000,0x00000007bbbd1970,0x00000007bc800000)
}
Event: 173.922 GC heap before
{Heap before GC invocations=22 (full 1):
 PSYoungGen      total 57856K, used 44480K [0x00000007eaa80000, 0x00000007efe80000, 0x0000000800000000)
  eden space 44032K, 100% used [0x00000007eaa80000,0x00000007ed580000,0x00000007ed580000)
  from space 13824K, 3% used [0x00000007ee200000,0x00000007ee270000,0x00000007eef80000)
  to   space 12800K, 0% used [0x00000007ed580000,0x00000007ed580000,0x00000007ee200000)
 ParOldGen       total 57344K, used 36938K [0x00000007c0000000, 0x00000007c3800000, 0x00000007eaa80000)
  object space 57344K, 64% used [0x00000007c0000000,0x00000007c2412b48,0x00000007c3800000)
 PSPermGen       total 26624K, used 14157K [0x00000007bae00000, 0x00000007bc800000, 0x00000007c0000000)
  object space 26624K, 53% used [0x00000007bae00000,0x00000007bbbd3420,0x00000007bc800000)
Event: 173.924 GC heap after
Heap after GC invocations=22 (full 1):
 PSYoungGen      total 56832K, used 288K [0x00000007eaa80000, 0x00000007eff00000, 0x0000000800000000)
  eden space 44032K, 0% used [0x00000007eaa80000,0x00000007eaa80000,0x00000007ed580000)
  from space 12800K, 2% used [0x00000007ed580000,0x00000007ed5c8000,0x00000007ee200000)
  to   space 12288K, 0% used [0x00000007ef300000,0x00000007ef300000,0x00000007eff00000)
 ParOldGen       total 57344K, used 37095K [0x00000007c0000000, 0x00000007c3800000, 0x00000007eaa80000)
  object space 57344K, 64% used [0x00000007c0000000,0x00000007c2439c58,0x00000007c3800000)
 PSPermGen       total 26624K, used 14157K [0x00000007bae00000, 0x00000007bc800000, 0x00000007c0000000)
  object space 26624K, 53% used [0x00000007bae00000,0x00000007bbbd3420,0x00000007bc800000)
}
Event: 178.810 GC heap before
{Heap before GC invocations=23 (full 1):
 PSYoungGen      total 56832K, used 44320K [0x00000007eaa80000, 0x00000007eff00000, 0x0000000800000000)
  eden space 44032K, 100% used [0x00000007eaa80000,0x00000007ed580000,0x00000007ed580000)
  from space 12800K, 2% used [0x00000007ed580000,0x00000007ed5c8000,0x00000007ee200000)
  to   space 12288K, 0% used [0x00000007ef300000,0x00000007ef300000,0x00000007eff00000)
 ParOldGen       total 57344K, used 37098K [0x00000007c0000000, 0x00000007c3800000, 0x00000007eaa80000)
  object space 57344K, 64% used [0x00000007c0000000,0x00000007c243a880,0x00000007c3800000)
 PSPermGen       total 26624K, used 14167K [0x00000007bae00000, 0x00000007bc800000, 0x00000007c0000000)
  object space 26624K, 53% used [0x00000007bae00000,0x00000007bbbd5d30,0x00000007bc800000)
Event: 178.812 GC heap after
Heap after GC invocations=23 (full 1):
 PSYoungGen      total 73216K, used 224K [0x00000007eaa80000, 0x00000007efe00000, 0x0000000800000000)
  eden space 61952K, 0% used [0x00000007eaa80000,0x00000007eaa80000,0x00000007ee700000)
  from space 11264K, 1% used [0x00000007ef300000,0x00000007ef338000,0x00000007efe00000)
  to   space 11776K, 0% used [0x00000007ee700000,0x00000007ee700000,0x00000007ef280000)
 ParOldGen       total 57344K, used 37220K [0x00000007c0000000, 0x00000007c3800000, 0x00000007eaa80000)
  object space 57344K, 64% used [0x00000007c0000000,0x00000007c2459078,0x00000007c3800000)
 PSPermGen       total 26624K, used 14167K [0x00000007bae00000, 0x00000007bc800000, 0x00000007c0000000)
  object space 26624K, 53% used [0x00000007bae00000,0x00000007bbbd5d30,0x00000007bc800000)
}
Event: 185.706 GC heap before
{Heap before GC invocations=24 (full 1):
 PSYoungGen      total 73216K, used 62176K [0x00000007eaa80000, 0x00000007efe00000, 0x0000000800000000)
  eden space 61952K, 100% used [0x00000007eaa80000,0x00000007ee700000,0x00000007ee700000)
  from space 11264K, 1% used [0x00000007ef300000,0x00000007ef338000,0x00000007efe00000)
  to   space 11776K, 0% used [0x00000007ee700000,0x00000007ee700000,0x00000007ef280000)
 ParOldGen       total 57344K, used 37222K [0x00000007c0000000, 0x00000007c3800000, 0x00000007eaa80000)
  object space 57344K, 64% used [0x00000007c0000000,0x00000007c24599f8,0x00000007c3800000)
 PSPermGen       total 26624K, used 14171K [0x00000007bae00000, 0x00000007bc800000, 0x00000007c0000000)
  object space 26624K, 53% used [0x00000007bae00000,0x00000007bbbd6c20,0x00000007bc800000)
Event: 185.709 GC heap after
Heap after GC invocations=24 (full 1):
 PSYoungGen      total 73728K, used 256K [0x00000007eaa80000, 0x00000007f1580000, 0x0000000800000000)
  eden space 61952K, 0% used [0x00000007eaa80000,0x00000007eaa80000,0x00000007ee700000)
  from space 11776K, 2% used [0x00000007ee700000,0x00000007ee740000,0x00000007ef280000)
  to   space 11264K, 0% used [0x00000007f0a80000,0x00000007f0a80000,0x00000007f1580000)
 ParOldGen       total 57344K, used 37238K [0x00000007c0000000, 0x00000007c3800000, 0x00000007eaa80000)
  object space 57344K, 64% used [0x00000007c0000000,0x00000007c245d9f8,0x00000007c3800000)
 PSPermGen       total 26624K, used 14171K [0x00000007bae00000, 0x00000007bc800000, 0x00000007c0000000)
  object space 26624K, 53% used [0x00000007bae00000,0x00000007bbbd6c20,0x00000007bc800000)
}
Event: 193.028 GC heap before
{Heap before GC invocations=25 (full 1):
 PSYoungGen      total 73728K, used 62208K [0x00000007eaa80000, 0x00000007f1580000, 0x0000000800000000)
  eden space 61952K, 100% used [0x00000007eaa80000,0x00000007ee700000,0x00000007ee700000)
  from space 11776K, 2% used [0x00000007ee700000,0x00000007ee740000,0x00000007ef280000)
  to   space 11264K, 0% used [0x00000007f0a80000,0x00000007f0a80000,0x00000007f1580000)
 ParOldGen       total 57344K, used 37241K [0x00000007c0000000, 0x00000007c3800000, 0x00000007eaa80000)
  object space 57344K, 64% used [0x00000007c0000000,0x00000007c245e4a0,0x00000007c3800000)
 PSPermGen       total 26624K, used 14252K [0x00000007bae00000, 0x00000007bc800000, 0x00000007c0000000)
  object space 26624K, 53% used [0x00000007bae00000,0x00000007bbbeb1c0,0x00000007bc800000)
Event: 193.031 GC heap after
Heap after GC invocations=25 (full 1):
 PSYoungGen      total 96256K, used 591K [0x00000007eaa80000, 0x00000007f1400000, 0x0000000800000000)
  eden space 86528K, 0% used [0x00000007eaa80000,0x00000007eaa80000,0x00000007eff00000)
  from space 9728K, 6% used [0x00000007f0a80000,0x00000007f0b13cf0,0x00000007f1400000)
  to   space 10752K, 0% used [0x00000007eff00000,0x00000007eff00000,0x00000007f0980000)
 ParOldGen       total 57344K, used 37257K [0x00000007c0000000, 0x00000007c3800000, 0x00000007eaa80000)
  object space 57344K, 64% used [0x00000007c0000000,0x00000007c24624a0,0x00000007c3800000)
 PSPermGen       total 26624K, used 14252K [0x00000007bae00000, 0x00000007bc800000, 0x00000007c0000000)
  object space 26624K, 53% used [0x00000007bae00000,0x00000007bbbeb1c0,0x00000007bc800000)
}

