# JRE version: Java(TM) SE Runtime Environment (7.0_60-b19) (build 1.7.0_60-b19)
# Java VM: Java HotSpot(TM) 64-Bit Server VM (24.60-b09 mixed mode bsd-amd64 compressed oops)
Heap
 PSYoungGen      total 253440K, used 92397K [0x00000007eaa80000, 0x00000007fdc00000, 0x0000000800000000)
  eden space 252416K, 36% used [0x00000007eaa80000,0x00000007f042b608,0x00000007fa100000)
  from space 1024K, 56% used [0x00000007fac80000,0x00000007fad10000,0x00000007fad80000)
  to   space 30208K, 0% used [0x00000007fbe80000,0x00000007fbe80000,0x00000007fdc00000)
 ParOldGen       total 99840K, used 49401K [0x00000007c0000000, 0x00000007c6180000, 0x00000007eaa80000)
  object space 99840K, 49% used [0x00000007c0000000,0x00000007c303e7e8,0x00000007c6180000)
 PSPermGen       total 29184K, used 14918K [0x00000007bae00000, 0x00000007bca80000, 0x00000007c0000000)
  object space 29184K, 51% used [0x00000007bae00000,0x00000007bbc91950,0x00000007bca80000)
GC Heap History (10 events):
Event: 206.185 GC heap before
{Heap before GC invocations=16 (full 2):
 PSYoungGen      total 248832K, used 219856K [0x00000007eaa80000, 0x0000000800000000, 0x0000000800000000)
  eden space 219136K, 100% used [0x00000007eaa80000,0x00000007f8080000,0x00000007f8080000)
  from space 29696K, 2% used [0x00000007f8080000,0x00000007f8134010,0x00000007f9d80000)
  to   space 29184K, 0% used [0x00000007fe380000,0x00000007fe380000,0x0000000800000000)
 ParOldGen       total 80384K, used 32373K [0x00000007c0000000, 0x00000007c4e80000, 0x00000007eaa80000)
  object space 80384K, 40% used [0x00000007c0000000,0x00000007c1f9d5e0,0x00000007c4e80000)
 PSPermGen       total 28160K, used 14836K [0x00000007bae00000, 0x00000007bc980000, 0x00000007c0000000)
  object space 28160K, 52% used [0x00000007bae00000,0x00000007bbc7d008,0x00000007bc980000)
Event: 206.200 GC heap after
Heap after GC invocations=16 (full 2):
 PSYoungGen      total 319488K, used 16159K [0x00000007eaa80000, 0x0000000800000000, 0x0000000800000000)
  eden space 290304K, 0% used [0x00000007eaa80000,0x00000007eaa80000,0x00000007fc600000)
  from space 29184K, 55% used [0x00000007fe380000,0x00000007ff347d40,0x0000000800000000)
  to   space 29696K, 0% used [0x00000007fc600000,0x00000007fc600000,0x00000007fe300000)
 ParOldGen       total 80384K, used 32637K [0x00000007c0000000, 0x00000007c4e80000, 0x00000007eaa80000)
  object space 80384K, 40% used [0x00000007c0000000,0x00000007c1fdf5f0,0x00000007c4e80000)
 PSPermGen       total 28160K, used 14836K [0x00000007bae00000, 0x00000007bc980000, 0x00000007c0000000)
  object space 28160K, 52% used [0x00000007bae00000,0x00000007bbc7d008,0x00000007bc980000)
}
Event: 343.282 GC heap before
{Heap before GC invocations=17 (full 2):
 PSYoungGen      total 319488K, used 306463K [0x00000007eaa80000, 0x0000000800000000, 0x0000000800000000)
  eden space 290304K, 100% used [0x00000007eaa80000,0x00000007fc600000,0x00000007fc600000)
  from space 29184K, 55% used [0x00000007fe380000,0x00000007ff347d40,0x0000000800000000)
  to   space 29696K, 0% used [0x00000007fc600000,0x00000007fc600000,0x00000007fe300000)
 ParOldGen       total 80384K, used 32637K [0x00000007c0000000, 0x00000007c4e80000, 0x00000007eaa80000)
  object space 80384K, 40% used [0x00000007c0000000,0x00000007c1fdf648,0x00000007c4e80000)
 PSPermGen       total 28160K, used 14873K [0x00000007bae00000, 0x00000007bc980000, 0x00000007c0000000)
  object space 28160K, 52% used [0x00000007bae00000,0x00000007bbc86598,0x00000007bc980000)
Event: 343.317 GC heap after
Heap after GC invocations=17 (full 2):
 PSYoungGen      total 295936K, used 18859K [0x00000007eaa80000, 0x00000007ff600000, 0x0000000800000000)
  eden space 276992K, 0% used [0x00000007eaa80000,0x00000007eaa80000,0x00000007fb900000)
  from space 18944K, 99% used [0x00000007fc600000,0x00000007fd86acd0,0x00000007fd880000)
  to   space 30208K, 0% used [0x00000007fd880000,0x00000007fd880000,0x00000007ff600000)
 ParOldGen       total 80384K, used 40978K [0x00000007c0000000, 0x00000007c4e80000, 0x00000007eaa80000)
  object space 80384K, 50% used [0x00000007c0000000,0x00000007c28048a8,0x00000007c4e80000)
 PSPermGen       total 28160K, used 14873K [0x00000007bae00000, 0x00000007bc980000, 0x00000007c0000000)
  object space 28160K, 52% used [0x00000007bae00000,0x00000007bbc86598,0x00000007bc980000)
}
Event: 394.635 GC heap before
{Heap before GC invocations=18 (full 2):
 PSYoungGen      total 295936K, used 295851K [0x00000007eaa80000, 0x00000007ff600000, 0x0000000800000000)
  eden space 276992K, 100% used [0x00000007eaa80000,0x00000007fb900000,0x00000007fb900000)
  from space 18944K, 99% used [0x00000007fc600000,0x00000007fd86acd0,0x00000007fd880000)
  to   space 30208K, 0% used [0x00000007fd880000,0x00000007fd880000,0x00000007ff600000)
 ParOldGen       total 80384K, used 40981K [0x00000007c0000000, 0x00000007c4e80000, 0x00000007eaa80000)
  object space 80384K, 50% used [0x00000007c0000000,0x00000007c2805578,0x00000007c4e80000)
 PSPermGen       total 28160K, used 14910K [0x00000007bae00000, 0x00000007bc980000, 0x00000007c0000000)
  object space 28160K, 52% used [0x00000007bae00000,0x00000007bbc8f9e0,0x00000007bc980000)
Event: 394.701 GC heap after
Heap after GC invocations=18 (full 2):
 PSYoungGen      total 280576K, used 608K [0x00000007eaa80000, 0x00000007fe880000, 0x0000000800000000)
  eden space 264192K, 0% used [0x00000007eaa80000,0x00000007eaa80000,0x00000007fac80000)
  from space 16384K, 3% used [0x00000007fd880000,0x00000007fd918000,0x00000007fe880000)
  to   space 30720K, 0% used [0x00000007fac80000,0x00000007fac80000,0x00000007fca80000)
 ParOldGen       total 80384K, used 66071K [0x00000007c0000000, 0x00000007c4e80000, 0x00000007eaa80000)
  object space 80384K, 82% used [0x00000007c0000000,0x00000007c4085cd0,0x00000007c4e80000)
 PSPermGen       total 28160K, used 14910K [0x00000007bae00000, 0x00000007bc980000, 0x00000007c0000000)
  object space 28160K, 52% used [0x00000007bae00000,0x00000007bbc8f9e0,0x00000007bc980000)
}
Event: 394.701 GC heap before
{Heap before GC invocations=19 (full 3):
 PSYoungGen      total 280576K, used 608K [0x00000007eaa80000, 0x00000007fe880000, 0x0000000800000000)
  eden space 264192K, 0% used [0x00000007eaa80000,0x00000007eaa80000,0x00000007fac80000)
  from space 16384K, 3% used [0x00000007fd880000,0x00000007fd918000,0x00000007fe880000)
  to   space 30720K, 0% used [0x00000007fac80000,0x00000007fac80000,0x00000007fca80000)
 ParOldGen       total 80384K, used 66071K [0x00000007c0000000, 0x00000007c4e80000, 0x00000007eaa80000)
  object space 80384K, 82% used [0x00000007c0000000,0x00000007c4085cd0,0x00000007c4e80000)
 PSPermGen       total 28160K, used 14910K [0x00000007bae00000, 0x00000007bc980000, 0x00000007c0000000)
  object space 28160K, 52% used [0x00000007bae00000,0x00000007bbc8f9e0,0x00000007bc980000)
Event: 394.882 GC heap after
Heap after GC invocations=19 (full 3):
 PSYoungGen      total 280576K, used 0K [0x00000007eaa80000, 0x00000007fe880000, 0x0000000800000000)
  eden space 264192K, 0% used [0x00000007eaa80000,0x00000007eaa80000,0x00000007fac80000)
  from space 16384K, 0% used [0x00000007fd880000,0x00000007fd880000,0x00000007fe880000)
  to   space 30720K, 0% used [0x00000007fac80000,0x00000007fac80000,0x00000007fca80000)
 ParOldGen       total 99840K, used 49399K [0x00000007c0000000, 0x00000007c6180000, 0x00000007eaa80000)
  object space 99840K, 49% used [0x00000007c0000000,0x00000007c303dc00,0x00000007c6180000)
 PSPermGen       total 29184K, used 14909K [0x00000007bae00000, 0x00000007bca80000, 0x00000007c0000000)
  object space 29184K, 51% used [0x00000007bae00000,0x00000007bbc8f4c0,0x00000007bca80000)
}
Event: 444.675 GC heap before
{Heap before GC invocations=20 (full 3):
 PSYoungGen      total 280576K, used 264192K [0x00000007eaa80000, 0x00000007fe880000, 0x0000000800000000)
  eden space 264192K, 100% used [0x00000007eaa80000,0x00000007fac80000,0x00000007fac80000)
  from space 16384K, 0% used [0x00000007fd880000,0x00000007fd880000,0x00000007fe880000)
  to   space 30720K, 0% used [0x00000007fac80000,0x00000007fac80000,0x00000007fca80000)
 ParOldGen       total 99840K, used 49401K [0x00000007c0000000, 0x00000007c6180000, 0x00000007eaa80000)
  object space 99840K, 49% used [0x00000007c0000000,0x00000007c303e7e8,0x00000007c6180000)
 PSPermGen       total 29184K, used 14916K [0x00000007bae00000, 0x00000007bca80000, 0x00000007c0000000)
  object space 29184K, 51% used [0x00000007bae00000,0x00000007bbc910b0,0x00000007bca80000)
Event: 444.679 GC heap after
Heap after GC invocations=20 (full 3):
 PSYoungGen      total 253440K, used 576K [0x00000007eaa80000, 0x00000007fdc00000, 0x0000000800000000)
  eden space 252416K, 0% used [0x00000007eaa80000,0x00000007eaa80000,0x00000007fa100000)
  from space 1024K, 56% used [0x00000007fac80000,0x00000007fad10000,0x00000007fad80000)
  to   space 30208K, 0% used [0x00000007fbe80000,0x00000007fbe80000,0x00000007fdc00000)
 ParOldGen       total 99840K, used 49401K [0x00000007c0000000, 0x00000007c6180000, 0x00000007eaa80000)
  object space 99840K, 49% used [0x00000007c0000000,0x00000007c303e7e8,0x00000007c6180000)
 PSPermGen       total 29184K, used 14916K [0x00000007bae00000, 0x00000007bca80000, 0x00000007c0000000)
  object space 29184K, 51% used [0x00000007bae00000,0x00000007bbc910b0,0x00000007bca80000)
}

